  jsoncpp.cpp
c:\users\pixir\desktop\lwengine\redistributable\jsoncpp\jsoncpp.cpp(265): warning C4005: '_CRT_SECURE_CPP_OVERLOAD_STANDARD_NAMES': macro redefinition
  c:\program files (x86)\windows kits\10\include\10.0.17763.0\ucrt\corecrt.h(453): note: see previous definition of '_CRT_SECURE_CPP_OVERLOAD_STANDARD_NAMES'
  ButtonElement.cpp
c:\users\pixir\desktop\lwengine\lwengine\source\buttonelement.cpp(1): fatal error C1083: Cannot open include file: 'ButtonElement.h': No such file or directory
  InputBox.cpp
c:\users\pixir\desktop\lwengine\lwengine\source\inputbox.cpp(1): fatal error C1083: Cannot open include file: 'InputBox.h': No such file or directory
  InputHandler.cpp
c:\users\pixir\desktop\lwengine\lwengine\source\inputhandler.cpp(1): fatal error C1083: Cannot open include file: 'InputHandler.h': No such file or directory
  main.cpp
c:\users\pixir\desktop\lwengine\lwengine\source\main.cpp(3): fatal error C1083: Cannot open include file: 'stdafx.h': No such file or directory
  Panel.cpp
c:\users\pixir\desktop\lwengine\lwengine\source\panel.cpp(1): fatal error C1083: Cannot open include file: 'Panel.h': No such file or directory
  ProgressBarElement.cpp
c:\users\pixir\desktop\lwengine\lwengine\source\progressbarelement.cpp(1): fatal error C1083: Cannot open include file: 'ProgressBarElement.h': No such file or directory
  ResourceManager.cpp
c:\users\pixir\desktop\lwengine\lwengine\source\resourcemanager.cpp(1): fatal error C1083: Cannot open include file: 'ResourceManager.h': No such file or directory
  Graphic.cpp
c:\users\pixir\desktop\lwengine\lwengine\source\graphic.cpp(1): fatal error C1083: Cannot open include file: 'Graphic.h': No such file or directory
  SliderElement.cpp
c:\users\pixir\desktop\lwengine\lwengine\source\sliderelement.cpp(1): fatal error C1083: Cannot open include file: 'SliderElement.h': No such file or directory
  TextElement.cpp
c:\users\pixir\desktop\lwengine\lwengine\source\textelement.cpp(1): fatal error C1083: Cannot open include file: 'TextElement.h': No such file or directory
  TextBox.cpp
c:\users\pixir\desktop\lwengine\lwengine\source\textbox.cpp(1): fatal error C1083: Cannot open include file: 'TextBox.h': No such file or directory
